%このファイルは日本語文字を含みます.
\BOOKMARK [0][-]{chapter.1}{序論}{}% 1
\BOOKMARK [1][-]{section.1.1}{研究の背景と目的}{chapter.1}% 2
\BOOKMARK [1][-]{section.1.2}{本論文の構成}{chapter.1}% 3
\BOOKMARK [0][-]{chapter.2}{本研究におけるブラキエーション動作と実機構成}{}% 4
\BOOKMARK [1][-]{section.2.1}{はじめに}{chapter.2}% 5
\BOOKMARK [1][-]{section.2.2}{ブラキエーションの流れ}{chapter.2}% 6
\BOOKMARK [1][-]{section.2.3}{伸縮による励振}{chapter.2}% 7
\BOOKMARK [1][-]{section.2.4}{伸縮する単リンクブラキエーションロボットのシステムと実機構成}{chapter.2}% 8
\BOOKMARK [1][-]{section.2.5}{}{chapter.2}% 9
\BOOKMARK [1][-]{section.2.6}{自在移動のためのリリース条件と励振制御}{chapter.2}% 10
\BOOKMARK [0][-]{chapter.3}{最適なバーリリース条件の導出}{}% 11
\BOOKMARK [1][-]{section.3.1}{はじめに}{chapter.3}% 12
\BOOKMARK [1][-]{section.3.2}{最適なバーリリース条件の導出}{chapter.3}% 13
\BOOKMARK [2][-]{subsection.3.2.1}{空中過程における目標バーとグリッパーの距離と相対速度}{section.3.2}% 14
\BOOKMARK [2][-]{subsection.3.2.2}{最適化のための評価関数}{section.3.2}% 15
\BOOKMARK [1][-]{section.3.3}{最適なバーリリース条件に基づくリリース実験}{chapter.3}% 16
\BOOKMARK [2][-]{subsection.3.3.1}{実験条件と最適なバーリリース条件}{section.3.3}% 17
\BOOKMARK [2][-]{subsection.3.3.2}{実機実験}{section.3.3}% 18
\BOOKMARK [0][-]{chapter.4}{リリース条件到達のための励振制御}{}% 19
\BOOKMARK [1][-]{section.4.1}{はじめに}{chapter.4}% 20
\BOOKMARK [1][-]{section.4.2}{伸縮による励振}{chapter.4}% 21
\BOOKMARK [1][-]{section.4.3}{振子過程での運動方程式}{chapter.4}% 22
\BOOKMARK [0][-]{chapter.5}{最適なバーリリース条件に基づく励振とブラキエーション動作の実験}{}% 23
\BOOKMARK [1][-]{section.5.1}{はじめに}{chapter.5}% 24
\BOOKMARK [1][-]{section.5.2}{考察}{chapter.5}% 25
\BOOKMARK [0][-]{chapter.6}{結論および今後の展望}{}% 26
\BOOKMARK [1][-]{section.6.1}{はじめに}{chapter.6}% 27
\BOOKMARK [1][-]{section.6.2}{考察}{chapter.6}% 28
\BOOKMARK [0][-]{section.6.2}{謝辞}{}% 29
\BOOKMARK [0][-]{chapter*.2}{参考文献}{}% 30
